<?xml version="1.0" encoding="UTF-8"?>
<!-- Generated by org.testng.reporters.JUnitReportReporter -->
<testsuite hostname="Alis-MacBook-Pro.local" failures="0" tests="1" name="test.RemoveAllItemsTest" time="3.780" errors="0" timestamp="2023-02-13T18:16:39 EST" skipped="0">
  <testcase classname="test.RemoveAllItemsTest" name="userShouldBeAbleToRemoveAllItems" time="3.780"/>
  <system-out/>
</testsuite> <!-- test.RemoveAllItemsTest -->
