<?xml version="1.0" encoding="UTF-8"?>
<!-- Generated by org.testng.reporters.JUnitReportReporter -->
<testsuite hostname="Alis-MacBook-Pro.local" failures="0" tests="1" name="test.AddCategoryTest" time="5.154" errors="0" timestamp="2023-02-13T19:26:41 EST" skipped="0">
  <testcase classname="test.AddCategoryTest" name="validUserShouldBeAbleToAddCategory" time="5.154"/>
  <system-out/>
</testsuite> <!-- test.AddCategoryTest -->
