<?xml version="1.0" encoding="UTF-8"?>
<!-- Generated by org.testng.reporters.JUnitReportReporter -->
<testsuite hostname="Alis-MacBook-Pro.local" failures="0" tests="1" name="test.CheckboxTest" time="3.595" errors="0" timestamp="2023-02-13T18:15:19 EST" skipped="0">
  <testcase classname="test.CheckboxTest" name="userShouldBeAbleToCheckAllBoxesWithToggleAllBox" time="3.595"/>
  <system-out/>
</testsuite> <!-- test.CheckboxTest -->
