<?xml version="1.0" encoding="UTF-8"?>
<!-- Generated by org.testng.reporters.JUnitReportReporter -->
<testsuite hostname="Alis-MacBook-Pro.local" failures="0" tests="1" name="test.DuplicatCategoryNameCheckTest" time="3.846" errors="0" timestamp="2023-02-13T18:16:31 EST" skipped="0">
  <testcase classname="test.DuplicatCategoryNameCheckTest" name="userShouldNotBeAbleToAddDuplicateName" time="3.846"/>
  <system-out/>
</testsuite> <!-- test.DuplicatCategoryNameCheckTest -->
