<?xml version="1.0" encoding="UTF-8"?>
<!-- Generated by org.testng.reporters.JUnitReportReporter -->
<testsuite hostname="Alis-MacBook-Pro.local" failures="0" tests="1" name="test.DropDownMonthVerificationTest" time="5.945" errors="0" timestamp="2023-02-13T18:16:18 EST" skipped="0">
  <testcase classname="test.DropDownMonthVerificationTest" name="validDropDownShouldHaveAllTheMonths" time="5.945"/>
  <system-out/>
</testsuite> <!-- test.DropDownMonthVerificationTest -->
